<?xml version="1.0" encoding="UTF-8"?>
<testsuite xmlns:xsi="http://www.w3.org/2001/XMLSchema-instance" xsi:noNamespaceSchemaLocation="https://maven.apache.org/surefire/maven-surefire-plugin/xsd/surefire-test-report.xsd" name="JenkinsAssignment.TestHelloWorld" time="0.032" tests="2" errors="0" skipped="0" failures="0">
  <properties>
[...]
</properties>
  <testcase name="testNumber10" classname="JenkinsAssignment.TestHelloWorld" time="0.016"/>
  <testcase name="testHelloWorld" classname="JenkinsAssignment.TestHelloWorld" time="0"/>
</testsuite>